[00:10:50] [ServerMain/INFO]: [bootstrap] Running Java 21 (OpenJDK 64-Bit Server VM 21.0.4+7-LTS; Microsoft Microsoft-9889606) on Linux 6.5.0-1025-azure (amd64)
[00:10:50] [ServerMain/INFO]: [bootstrap] Loading Paper 1.21.3-48-master@817550c (2024-11-22T12:02:23Z) for Minecraft 1.21.3
[00:10:50] [ServerMain/INFO]: [PluginInitializerManager] Initializing plugins...
[00:10:51] [ServerMain/INFO]: [PluginInitializerManager] Initialized 4 plugins
[00:10:51] [ServerMain/INFO]: [PluginInitializerManager] Bukkit plugins (4):
 - AngelChest (13.9.0), AuraSkills (2.2.6), GSit (1.11.2), SkinsRestorer (15.4.4)
[00:10:57] [ServerMain/INFO]: Environment: Environment[sessionHost=https://sessionserver.mojang.com, servicesHost=https://api.minecraftservices.com, name=PROD]
[00:11:01] [ServerMain/INFO]: Loaded 1337 recipes
[00:11:01] [ServerMain/INFO]: Loaded 1448 advancements
[00:11:01] [Server thread/INFO]: Starting minecraft server version 1.21.3
[00:11:01] [Server thread/INFO]: Loading properties
[00:11:01] [Server thread/INFO]: This server is running Paper version 1.21.3-48-master@817550c (2024-11-22T12:02:23Z) (Implementing API version 1.21.3-R0.1-SNAPSHOT)
[00:11:02] [Server thread/INFO]: [spark] This server bundles the spark profiler. For more information please visit https://docs.papermc.io/paper/profiling
[00:11:02] [Server thread/INFO]: Server Ping Player Sample Count: 12
[00:11:02] [Server thread/INFO]: Using 4 threads for Netty based IO
[00:11:04] [Server thread/INFO]: [MoonriseCommon] Paper is using 1 worker threads, 1 I/O threads
[00:11:04] [Server thread/INFO]: [ChunkTaskScheduler] Chunk system is using population gen parallelism: true
[00:11:04] [Server thread/INFO]: Default game type: SURVIVAL
[00:11:04] [Server thread/INFO]: Generating keypair
[00:11:04] [Server thread/INFO]: Starting Minecraft server on *:25565
[00:11:06] [Server thread/INFO]: Using epoll channel type
[00:11:06] [Server thread/INFO]: Paper: Using libdeflate (Linux x86_64) compression from Velocity.
[00:11:06] [Server thread/INFO]: Paper: Using OpenSSL 1.1.x (Linux x86_64) cipher from Velocity.
[00:11:08] [Server thread/INFO]: [AngelChest] Loading server plugin AngelChest v13.9.0
[00:11:08] [Server thread/INFO]: [SkinsRestorer] Loading server plugin SkinsRestorer v15.4.4
[00:11:08] [Server thread/INFO]: [AuraSkills] Loading server plugin AuraSkills v2.2.6
[00:11:08] [Server thread/INFO]: [GSit] Loading server plugin GSit v1.11.2
[00:11:09] [Server thread/INFO]: Server permissions file permissions.yml is empty, ignoring it
[00:11:09] [Server thread/INFO]: [SkinsRestorer] Enabling SkinsRestorer v15.4.4
[00:11:09] [Server thread/WARN]: [SkinsRestorer] You must agree to the rules at 'commands.perSkinPermissionsConsent' in the config to use per skin permissions.
[00:11:10] [Server thread/INFO]: [SkinsRestorer] Running on Minecraft 1.21.3.
[00:11:11] [Server thread/INFO]: [SkinsRestorer] Using paper join listener!
[00:11:11] [Server thread/WARN]: **** SERVER IS RUNNING IN OFFLINE/INSECURE MODE!
[00:11:11] [Server thread/WARN]: The server will make no attempt to authenticate usernames. Beware.
[00:11:11] [Server thread/WARN]: While this makes the game possible to play without internet access, it also opens up the ability for hackers to connect with any username they choose.
[00:11:11] [Server thread/WARN]: To change this, set "online-mode" to "true" in the server.properties file.
[00:11:11] [Server thread/INFO]: Preparing level "world"
[00:11:11] [Folia Async Scheduler Thread #1/INFO]: [SkinsRestorer] ----------------------------------------------
[00:11:11] [Folia Async Scheduler Thread #1/INFO]: [SkinsRestorer]     +==================+
[00:11:11] [Folia Async Scheduler Thread #1/INFO]: [SkinsRestorer]     |   SkinsRestorer  |
[00:11:11] [Folia Async Scheduler Thread #1/INFO]: [SkinsRestorer]     |------------------|
[00:11:11] [Folia Async Scheduler Thread #1/INFO]: [SkinsRestorer]     |  Standalone Mode |
[00:11:11] [Folia Async Scheduler Thread #1/INFO]: [SkinsRestorer]     +==================+
[00:11:11] [Folia Async Scheduler Thread #1/INFO]: [SkinsRestorer] ----------------------------------------------
[00:11:11] [Folia Async Scheduler Thread #1/INFO]: [SkinsRestorer]     Version: 15.4.4
[00:11:11] [Folia Async Scheduler Thread #1/INFO]: [SkinsRestorer]     Commit: dc501c7
[00:11:11] [Folia Async Scheduler Thread #1/INFO]: [SkinsRestorer]     This is the latest version!
[00:11:11] [Folia Async Scheduler Thread #1/INFO]: [SkinsRestorer] ----------------------------------------------
[00:11:11] [Folia Async Scheduler Thread #1/INFO]: [SkinsRestorer] Do you have issues? Read our troubleshooting guide: https://skinsrestorer.net/docs/troubleshooting
[00:11:11] [Folia Async Scheduler Thread #1/INFO]: [SkinsRestorer] Want to support SkinsRestorer? Consider donating: https://skinsrestorer.net/donate
[00:11:12] [Server thread/INFO]: Preparing start region for dimension minecraft:overworld
[00:11:12] [Server thread/INFO]: Preparing spawn area: 0%
[00:11:12] [Server thread/INFO]: Preparing spawn area: 2%
[00:11:13] [Paper Common Worker #0/INFO]: [MCTypeRegistry] Initialising converters for DataConverter...
[00:11:14] [Paper Common Worker #0/INFO]: [MCTypeRegistry] Finished initialising converters for DataConverter in 903.9ms
[00:11:14] [Server thread/INFO]: Preparing spawn area: 2%
[00:11:14] [Server thread/INFO]: Preparing spawn area: 2%
[00:11:14] [Server thread/INFO]: Preparing spawn area: 2%
[00:11:15] [Server thread/INFO]: Preparing spawn area: 16%
[00:11:15] [Server thread/INFO]: Preparing spawn area: 16%
[00:11:15] [Server thread/INFO]: Time elapsed: 3078 ms
[00:11:15] [Server thread/INFO]: Preparing start region for dimension minecraft:the_nether
[00:11:15] [Server thread/INFO]: Preparing spawn area: 0%
[00:11:15] [Server thread/INFO]: Time elapsed: 443 ms
[00:11:15] [Server thread/INFO]: Preparing start region for dimension minecraft:the_end
[00:11:15] [Server thread/INFO]: Preparing spawn area: 0%
[00:11:16] [Server thread/INFO]: Time elapsed: 232 ms
[00:11:16] [Server thread/INFO]: [AngelChest] Enabling AngelChest v13.9.0
[00:11:17] [Server thread/INFO]: [AngelChest] groups.yml does not exist, skipping custom group settings.
[00:11:17] [Server thread/INFO]: [AngelChest] blacklist.yml does not exist, disabling item blacklist.
[00:11:17] [Server thread/INFO]: [AngelChest] Not using premium version, disabling Graveyards feature
[00:11:17] [Server thread/WARN]: [AngelChest] Could not add usage/description to command acopen
[00:11:17] [Server thread/INFO]: [AngelChest] Vault not installed, disabling economy functions.
[00:11:17] [Server thread/INFO]: [AngelChest] [ACF] Enabled Asynchronous Tab Completion Support!
[00:11:17] [Server thread/INFO]: [AngelChest] Successfully enabled AngelChest v13.9.0 (Premium: false)
[00:11:17] [Server thread/INFO]: [AuraSkills] Enabling AuraSkills v2.2.6
[00:11:19] [Server thread/INFO]: [AuraSkills] Loaded 21 message files
[00:11:20] [Server thread/INFO]: [AuraSkills] Loaded 150 config options in 50 ms
[00:11:20] [Server thread/INFO]: [NBTAPI] [NBTAPI] Found Minecraft: 1.21.3! Trying to find NMS support
[00:11:20] [Server thread/INFO]: [NBTAPI] [NBTAPI] NMS support 'MC1_21_R2' loaded!
[00:11:20] [Server thread/INFO]: [NBTAPI] [NBTAPI] Using the plugin 'AuraSkills' to create a bStats instance!
[00:11:20] [Server thread/INFO]: [AuraSkills] Loaded 3 blocked/disabled worlds
[00:11:21] [Server thread/INFO]: [AuraSkills] [ACF] Enabled Asynchronous Tab Completion Support!
[00:11:21] [Server thread/INFO]: [GSit] Enabling GSit v1.11.2
[00:11:22] [Server thread/INFO]: [GSit] The plugin was successfully enabled.
[00:11:22] [Server thread/INFO]: [spark] Starting background profiler...
[00:11:23] [Server thread/INFO]: Done preparing level "world" (12.671s)
[00:11:23] [Server thread/INFO]: Running delayed init tasks
[00:11:24] [Server thread/INFO]: [AuraSkills] Loaded 11 skills with 312 total sources
[00:11:24] [Server thread/INFO]: [AuraSkills] Loaded 9 stats and 17 traits
[00:11:24] [Server thread/INFO]: [AuraSkills] Loaded 22 pattern rewards and 0 level rewards
[00:11:24] [Server thread/INFO]: [AuraSkills] Loaded 53 loot entries in 4 pools and 2 tables
[00:11:25] [Server thread/INFO]: Environment: Environment[sessionHost=https://sessionserver.mojang.com, servicesHost=https://api.minecraftservices.com, name=PROD]
[00:11:25] [Server thread/INFO]: [AuraSkills] Loaded 6 menus
[00:11:25] [Server thread/INFO]: Done (37.169s)! For help, type "help"
[00:11:26] [Server thread/INFO]: [AngelChest] ========================================================
[00:11:26] [Server thread/INFO]: [AngelChest] You are using the free version of AngelChest. There is
[00:11:26] [Server thread/INFO]: [AngelChest] also a premium version available, called AngelChestPlus.
[00:11:26] [Server thread/INFO]: [AngelChest] It includes TONS of new features and exclusive Discord
[00:11:26] [Server thread/INFO]: [AngelChest] support. The free version will still receive bugfixes,
[00:11:26] [Server thread/INFO]: [AngelChest] but there won't be ANY new features!
[00:11:26] [Server thread/INFO]: [AngelChest] If you like AngelChest, you will LOVE AngelChestPlus, so
[00:11:26] [Server thread/INFO]: [AngelChest] please consider upgrading! Thank you for using AngelChest.
[00:11:26] [Server thread/INFO]: [AngelChest] 
[00:11:26] [Server thread/INFO]: [AngelChest] https://www.spigotmc.org/resources/88214
[00:11:26] [Server thread/INFO]: [AngelChest] ========================================================
[00:12:23] [Server thread/INFO]: Server empty for 60 seconds, pausing
[00:15:10] [User Authenticator #0/INFO]: UUID of player Gaunterr is 197fa399-8f09-3aea-abf9-a860e053780c
[00:15:13] [Server thread/INFO]: Gaunterr joined the game
[00:15:13] [Server thread/INFO]: Gaunterr[/127.217.51.170:37109] logged in with entity id 45 at ([world]327.78478023637024, 65.0, -399.30000001192093)
[00:15:18] [Async Chat Thread - #0/INFO]: [Not Secure] <Gaunterr> jejeje
[00:15:19] [Server thread/INFO]: Gaunterr lost connection: Disconnected
[00:15:20] [Server thread/INFO]: Gaunterr left the game
[00:16:19] [Server thread/INFO]: Server empty for 60 seconds, pausing
[00:18:21] [User Authenticator #1/INFO]: UUID of player Milkpiraa is e47e1035-5ff3-3220-8739-b5e9dd82ed4e
[00:18:23] [Server thread/INFO]: Milkpiraa joined the game
[00:18:23] [Server thread/INFO]: Milkpiraa[/127.165.39.214:35547] logged in with entity id 346 at ([world]366.1396017795983, 64.0, -390.30364766685466)
[00:18:30] [User Authenticator #1/INFO]: UUID of player Mafiaselpro is d54a3661-3b9b-3efb-8528-97a109825f36
[00:18:32] [Server thread/INFO]: Mafiaselpro joined the game
[00:18:32] [Server thread/INFO]: Mafiaselpro[/127.159.186.51:48447] logged in with entity id 623 at ([world]341.1186422686592, 65.0, -406.81788135601124)
[00:18:32] [User Authenticator #1/INFO]: UUID of player pasto1343 is 6817ba11-54f4-3fe9-83c2-fb5772dcab6c
[00:18:34] [Server thread/INFO]: pasto1343 joined the game
[00:18:34] [Server thread/INFO]: pasto1343[/127.182.120.230:50051] logged in with entity id 679 at ([world]360.88689652183314, 64.0, -386.7907772454299)
[00:18:53] [User Authenticator #1/INFO]: UUID of player _Miqi_ is 187fa245-d734-302c-885b-bfd25fcd6254
[00:18:55] [Server thread/INFO]: _Miqi_ joined the game
[00:18:55] [Server thread/INFO]: _Miqi_[/127.122.192.165:39969] logged in with entity id 832 at ([world]346.3472332896987, 65.0, -403.4155551345645)
[00:19:00] [Async Chat Thread - #2/INFO]: [Not Secure] <_Miqi_> ola sexo
[00:19:18] [Async Chat Thread - #3/INFO]: [Not Secure] <Mafiaselpro> ./skill
[00:19:24] [Server thread/INFO]: _Miqi_ issued server command: /skill
[00:19:27] [Server thread/INFO]: Milkpiraa issued server command: /skill
[00:20:09] [Server thread/INFO]: _Miqi_ issued server command: /skill
[00:20:36] [Server thread/INFO]: _Miqi_ issued server command: /mana
[00:20:39] [Server thread/INFO]: Mafiaselpro issued server command: /skill
[00:20:58] [Server thread/INFO]: pasto1343 has made the advancement [Stone Age]
[00:22:06] [Server thread/INFO]: _Miqi_ lost connection: Disconnected
[00:22:06] [Server thread/INFO]: _Miqi_ left the game
[00:22:47] [User Authenticator #2/INFO]: UUID of player Gaunterr is 197fa399-8f09-3aea-abf9-a860e053780c
[00:22:48] [Server thread/INFO]: Gaunterr joined the game
[00:22:48] [Server thread/INFO]: Gaunterr[/127.217.51.170:55027] logged in with entity id 1652 at ([world]327.78478023637024, 65.0, -399.30000001192093)
[00:23:07] [Server thread/INFO]: Mafiaselpro issued server command: /sit
[00:23:16] [Async Chat Thread - #4/INFO]: [Not Secure] <Mafiaselpro> ./sit
[00:23:19] [Server thread/INFO]: Gaunterr issued server command: /sit
[00:23:26] [Server thread/INFO]: Gaunterr issued server command: /sit
[00:23:26] [Server thread/INFO]: Mafiaselpro issued server command: /sit
[00:23:44] [User Authenticator #2/INFO]: UUID of player _Miqi_ is 187fa245-d734-302c-885b-bfd25fcd6254
[00:23:46] [Server thread/INFO]: _Miqi_ joined the game
[00:23:46] [Server thread/INFO]: _Miqi_[/127.122.192.165:43209] logged in with entity id 1845 at ([world]335.8978101411567, 64.0, -411.52203688741145)
[00:24:00] [Server thread/INFO]: Gaunterr issued server command: /sit
[00:24:05] [Server thread/INFO]: _Miqi_ issued server command: /skill
[00:24:06] [Server thread/INFO]: Gaunterr issued server command: /mana
[00:24:08] [Server thread/INFO]: Mafiaselpro issued server command: /skill
[00:24:10] [Server thread/INFO]: Gaunterr issued server command: /skills
[00:24:34] [Server thread/INFO]: Milkpiraa issued server command: /sit
[00:25:05] [Server thread/INFO]: _Miqi_ issued server command: /sit
[00:25:15] [Server thread/INFO]: pasto1343 issued server command: /sit
[00:25:18] [Server thread/INFO]: _Miqi_ issued server command: /mana
[00:25:19] [Server thread/INFO]: Milkpiraa issued server command: /sit
[00:25:42] [Server thread/INFO]: pasto1343 issued server command: /sit
[00:29:29] [Server thread/INFO]: pasto1343 was slain by _Miqi_
[00:30:36] [Server thread/INFO]: Gaunterr issued server command: /sit
[00:30:52] [Server thread/WARN]: _Miqi_ moved wrongly!
[00:31:00] [Server thread/INFO]: pasto1343 issued server command: /skinhitler
[00:31:42] [Server thread/INFO]: Gaunterr issued server command: /skill
[00:31:48] [Server thread/INFO]: _Miqi_ issued server command: /skill
[00:31:49] [Server thread/INFO]: Mafiaselpro issued server command: /skills
[00:32:32] [Async Chat Thread - #6/INFO]: [Not Secure] <Mafiaselpro> zz
[00:32:34] [Async Chat Thread - #6/INFO]: [Not Secure] <Mafiaselpro> zzzzzzzzzzzz
[00:32:36] [Async Chat Thread - #7/INFO]: [Not Secure] <Mafiaselpro> zzzzzzzzzzzzzzzzzzzzzzzzzzzz
[00:32:55] [Server thread/INFO]: Gaunterr was blown up by Creeper
[00:34:18] [Server thread/INFO]: pasto1343 was blown up by Creeper
[00:34:55] [Server thread/INFO]: Milkpiraa issued server command: /skin
[00:35:07] [Async Chat Thread - #8/INFO]: [Not Secure] <Mafiaselpro> ./skin
[00:35:16] [Server thread/INFO]: Milkpiraa issued server command: /skin
[00:35:30] [Server thread/INFO]: Milkpiraa issued server command: /skins
[00:36:32] [Server thread/INFO]: Mafiaselpro issued server command: /skills
[00:36:54] [Server thread/INFO]: Milkpiraa issued server command: /skins
[00:37:38] [Async Chat Thread - #10/INFO]: [Not Secure] <Milkpiraa> e
[00:38:45] [Server thread/INFO]: Mafiaselpro issued server command: /skills
[00:41:34] [Server thread/INFO]: _Miqi_ issued server command: /skill claimitems
[00:41:45] [Server thread/INFO]: _Miqi_ issued server command: /skills
[00:44:20] [Server thread/INFO]: pasto1343 has made the advancement [Sweet Dreams]
[00:44:49] [Async Chat Thread - #12/INFO]: [Not Secure] <Mafiaselpro> zzzz
[00:44:51] [Async Chat Thread - #12/INFO]: [Not Secure] <Mafiaselpro> zzzzzzzzz
[00:44:52] [Async Chat Thread - #12/INFO]: [Not Secure] <Mafiaselpro> zzzzzzzzzzz
[00:46:25] [Server thread/INFO]: Milkpiraa issued server command: /skins
[00:47:01] [Server thread/INFO]: Milkpiraa issued server command: /skins
[00:48:03] [Server thread/INFO]: Milkpiraa issued server command: /skins
[00:48:33] [Server thread/INFO]: pasto1343 lost connection: Timed out
[00:48:33] [Server thread/INFO]: pasto1343 left the game
[00:48:56] [User Authenticator #3/INFO]: UUID of player pasto1343 is 6817ba11-54f4-3fe9-83c2-fb5772dcab6c
[00:48:57] [Server thread/INFO]: pasto1343 joined the game
[00:48:57] [Server thread/INFO]: pasto1343[/127.182.120.230:33947] logged in with entity id 9079 at ([world]341.18608673441895, 64.33996887248932, -400.9269527021173)
[00:53:22] [Server thread/INFO]: pasto1343 has made the advancement [Getting an Upgrade]
[00:54:52] [Server thread/INFO]: Mafiaselpro lost connection: Disconnected
[00:54:52] [Server thread/INFO]: Mafiaselpro left the game
[00:58:59] [Server thread/INFO]: Milkpiraa was slain by Zombie
[01:02:59] [User Authenticator #4/INFO]: UUID of player Djscorpion12 is 0e0c73f4-de92-3bdd-8f64-79b22137d6f4
[01:03:01] [Server thread/INFO]: Djscorpion12 joined the game
[01:03:01] [Server thread/INFO]: Djscorpion12[/127.39.214.3:43081] logged in with entity id 14346 at ([world]344.8570739354164, 65.0, -377.7987269981235)
[01:03:15] [Server thread/INFO]: Djscorpion12 lost connection: Disconnected
[01:03:15] [Server thread/INFO]: Djscorpion12 left the game
[01:03:43] [User Authenticator #4/INFO]: UUID of player Djscorpion12 is 0e0c73f4-de92-3bdd-8f64-79b22137d6f4
[01:03:45] [Server thread/INFO]: Djscorpion12 joined the game
[01:03:45] [Server thread/INFO]: Djscorpion12[/127.39.214.3:56261] logged in with entity id 14580 at ([world]388.9992596493109, 59.95574159632026, -353.7366012555074)
[01:05:20] [Server thread/INFO]: pasto1343 has made the advancement [Acquire Hardware]
[01:08:13] [Server thread/INFO]: Djscorpion12 issued server command: /skillrank
[01:09:29] [Server thread/WARN]: _Miqi_ was kicked for floating too long!
[01:09:29] [Server thread/INFO]: _Miqi_ lost connection: Flying is not enabled on this server
[01:09:29] [Server thread/INFO]: _Miqi_ left the game
[01:09:43] [User Authenticator #5/INFO]: UUID of player _Miqi_ is 187fa245-d734-302c-885b-bfd25fcd6254
[01:09:44] [Server thread/INFO]: _Miqi_ joined the game
[01:09:44] [Server thread/INFO]: _Miqi_[/127.122.192.165:53029] logged in with entity id 16493 at ([world]342.59234338471686, 64.11274447482063, -397.10436395598305)
[01:10:43] [Server thread/INFO]: Gaunterr issued server command: /skill
[01:13:48] [User Authenticator #6/INFO]: UUID of player Mafiaselpro is d54a3661-3b9b-3efb-8528-97a109825f36
[01:13:49] [Server thread/INFO]: Mafiaselpro joined the game
[01:13:49] [Server thread/INFO]: Mafiaselpro[/127.159.186.51:36801] logged in with entity id 20330 at ([world]322.554066254993, 70.0, -391.30636723809675)
[01:17:09] [Async Chat Thread - #14/INFO]: [Not Secure] <Djscorpion12> zz
[01:17:09] [Async Chat Thread - #14/INFO]: [Not Secure] <Djscorpion12> z
[01:17:09] [Async Chat Thread - #14/INFO]: [Not Secure] <Djscorpion12> z
[01:17:10] [Async Chat Thread - #14/INFO]: [Not Secure] <Djscorpion12> z
[01:17:19] [Async Chat Thread - #14/INFO]: [Not Secure] <Milkpiraa> z
[01:17:35] [Server thread/INFO]: Mafiaselpro lost connection: Disconnected
[01:17:35] [Server thread/INFO]: Mafiaselpro left the game
[01:19:23] [User Authenticator #7/INFO]: UUID of player Mafiaselpro is d54a3661-3b9b-3efb-8528-97a109825f36
[01:19:25] [Server thread/INFO]: Mafiaselpro joined the game
[01:19:25] [Server thread/INFO]: Mafiaselpro[/127.159.186.51:53031] logged in with entity id 24135 at ([world]341.43928496218035, 64.5625, -403.8371236356874)
[01:19:32] [Server thread/INFO]: Mafiaselpro lost connection: Disconnected
[01:19:32] [Server thread/INFO]: Mafiaselpro left the game
[01:22:27] [User Authenticator #8/INFO]: UUID of player Mafiaselpro is d54a3661-3b9b-3efb-8528-97a109825f36
[01:22:28] [Server thread/INFO]: Mafiaselpro joined the game
[01:22:28] [Server thread/INFO]: Mafiaselpro[/127.159.186.51:56857] logged in with entity id 25554 at ([world]344.71541251454727, 66.0, -410.61947421323123)
[01:25:00] [Server thread/WARN]: Can't keep up! Is the server overloaded? Running 2516ms or 50 ticks behind
[01:25:07] [Async Chat Thread - #16/INFO]: [Not Secure] <Milkpiraa> :p
[01:28:17] [Async Chat Thread - #18/INFO]: [Not Secure] <Djscorpion12> z
[01:28:17] [Async Chat Thread - #18/INFO]: [Not Secure] <Djscorpion12> z
[01:28:18] [Async Chat Thread - #18/INFO]: [Not Secure] <Djscorpion12> z
[01:28:18] [Async Chat Thread - #18/INFO]: [Not Secure] <Djscorpion12> z
[01:28:50] [Async Chat Thread - #18/INFO]: [Not Secure] <Milkpiraa> z :p
[01:29:41] [Server thread/INFO]: Gaunterr issued server command: /sit
[01:32:13] [Server thread/INFO]: _Miqi_ has made the advancement [Local Brewery]
[01:36:51] [Server thread/INFO]: _Miqi_ has reached the goal [Zombie Doctor]
[01:38:45] [Async Chat Thread - #20/INFO]: [Not Secure] <_Miqi_> amigo
[01:38:52] [Async Chat Thread - #20/INFO]: [Not Secure] <_Miqi_> creo que se esta callendo discord
[01:39:00] [Async Chat Thread - #20/INFO]: [Not Secure] <Milkpiraa> si caché
[01:39:04] [Async Chat Thread - #21/INFO]: [Not Secure] <_Miqi_> xijhncklahncvjlaksd
[01:39:43] [Async Chat Thread - #21/INFO]: [Not Secure] <_Miqi_> toco hablar por aca
[01:40:37] [Async Chat Thread - #21/INFO]: [Not Secure] <Djscorpion12> cambiense de canal
[01:40:51] [Async Chat Thread - #20/INFO]: [Not Secure] <_Miqi_> cambiense de canal
[01:40:52] [Async Chat Thread - #20/INFO]: [Not Secure] <_Miqi_> cambiense de canal
[01:40:52] [Async Chat Thread - #20/INFO]: [Not Secure] <_Miqi_> cambiense de canal
[01:40:52] [Async Chat Thread - #20/INFO]: [Not Secure] <_Miqi_> cambiense de canal
[01:40:52] [Async Chat Thread - #20/INFO]: [Not Secure] <_Miqi_> cambiense de canal
[01:41:31] [Server thread/INFO]: Gaunterr lost connection: Disconnected
[01:41:31] [Server thread/INFO]: Gaunterr left the game
[01:43:45] [Server thread/INFO]: Mafiaselpro has made the advancement [Enchanter]
[01:46:36] [Server thread/INFO]: Milkpiraa has made the advancement [What a Deal!]
[01:51:52] [Async Chat Thread - #22/INFO]: [Not Secure] <Djscorpion12> z
[01:51:52] [Async Chat Thread - #22/INFO]: [Not Secure] <Djscorpion12> z
[01:51:52] [Async Chat Thread - #23/INFO]: [Not Secure] <Djscorpion12> z
[01:51:52] [Async Chat Thread - #23/INFO]: [Not Secure] <Djscorpion12> z
[01:51:55] [Async Chat Thread - #22/INFO]: [Not Secure] <Mafiaselpro> zzzzzzzzz
[01:55:53] [Server thread/INFO]: pasto1343 was doomed to fall by _Miqi_
[01:57:03] [Server thread/INFO]: Villager Villager['Nitwit'/22220, uuid='d87f87ce-dea2-4020-9487-e6a99ba8c74c', l='ServerLevel[world]', x=-216.88, y=67.00, z=-2590.52, cpos=[-14, -162], tl=194868, v=true] died, message: 'Nitwit burned to death'
[01:58:29] [Server thread/INFO]: pasto1343 was shot by Skeleton
[01:59:45] [Server thread/INFO]: Mafiaselpro issued server command: /skills
[01:59:58] [Server thread/INFO]: Mafiaselpro issued server command: /skills
[02:01:06] [Server thread/INFO]: Djscorpion12 has made the advancement [Suit Up]
[02:03:52] [Server thread/INFO]: Villager Villager['Nitwit'/22053, uuid='bbc72b8b-113d-43af-a5a9-864fc8ed7705', l='ServerLevel[world]', x=-234.67, y=67.00, z=-2583.81, cpos=[-15, -162], tl=203741, v=true] died, message: 'Nitwit went up in flames'
[02:04:16] [Async Chat Thread - #24/INFO]: [Not Secure] <Mafiaselpro> zzzzzzzzzzzzzz
[02:04:17] [Async Chat Thread - #24/INFO]: [Not Secure] <Mafiaselpro> zzzzzz
[02:04:18] [Async Chat Thread - #25/INFO]: [Not Secure] <_Miqi_> zz
[02:04:18] [Async Chat Thread - #25/INFO]: [Not Secure] <_Miqi_> z
[02:04:18] [Async Chat Thread - #25/INFO]: [Not Secure] <_Miqi_> z
[02:04:19] [Async Chat Thread - #25/INFO]: [Not Secure] <_Miqi_> z
[02:04:19] [Async Chat Thread - #25/INFO]: [Not Secure] <Mafiaselpro> }z
[02:04:19] [Async Chat Thread - #25/INFO]: [Not Secure] <_Miqi_> z<
[02:04:19] [Async Chat Thread - #25/INFO]: [Not Secure] <Mafiaselpro> z
[02:04:19] [Async Chat Thread - #25/INFO]: [Not Secure] <Mafiaselpro> z
[02:04:19] [Async Chat Thread - #25/INFO]: [Not Secure] <_Miqi_> z
[02:04:19] [Async Chat Thread - #25/INFO]: [Not Secure] <Mafiaselpro> z
[02:04:19] [Async Chat Thread - #24/INFO]: [Not Secure] <_Miqi_> z
[02:04:20] [Async Chat Thread - #24/INFO]: [Not Secure] <Mafiaselpro> zz
[02:04:20] [Async Chat Thread - #25/INFO]: [Not Secure] <Mafiaselpro> z
[02:04:20] [Async Chat Thread - #24/INFO]: [Not Secure] <Mafiaselpro> z
[02:04:20] [Async Chat Thread - #24/INFO]: [Not Secure] <Mafiaselpro> z
[02:04:20] [Async Chat Thread - #24/INFO]: [Not Secure] <Mafiaselpro> z
[02:04:21] [Async Chat Thread - #24/INFO]: [Not Secure] <_Miqi_> zz
[02:04:21] [Async Chat Thread - #25/INFO]: [Not Secure] <Mafiaselpro> x
[02:04:21] [Async Chat Thread - #25/INFO]: [Not Secure] <Mafiaselpro> xz
[02:04:21] [Async Chat Thread - #25/INFO]: [Not Secure] <Mafiaselpro> xz
[02:04:21] [Async Chat Thread - #25/INFO]: [Not Secure] <_Miqi_> z
[02:08:42] [Server thread/INFO]: _Miqi_ issued server command: /skill
[02:10:29] [Server thread/INFO]: Djscorpion12 has made the advancement [Not Today, Thank You]
[02:13:43] [Server thread/INFO]: Djscorpion12 was doomed to fall by Creeper
[02:15:57] [Server thread/INFO]: Villager Villager['Villager'/22183, uuid='79894a8f-1a25-40be-99be-0cc99997aab9', l='ServerLevel[world]', x=-181.30, y=60.00, z=-2624.51, cpos=[-12, -165], tl=216523, v=true] died, message: 'Villager was slain by Zombie'
[02:18:06] [Server thread/INFO]: Djscorpion12 was shot by Skeleton
[02:19:09] [Server thread/INFO]: Djscorpion12 was shot by Skeleton
[02:19:17] [Async Chat Thread - #26/INFO]: [Not Secure] <_Miqi_> maloooooooooooooo
[02:20:59] [Async Chat Thread - #28/INFO]: [Not Secure] <pasto1343> te odio
[02:21:06] [Async Chat Thread - #29/INFO]: [Not Secure] <Milkpiraa> yo le pego
[02:27:12] [Server thread/INFO]: Mafiaselpro issued server command: /tp _Miqi_ Mafiaselpro
[02:27:12] [Server thread/INFO]: [Mafiaselpro: Teleported _Miqi_ to Mafiaselpro]
[02:27:27] [Server thread/INFO]: _Miqi_ lost connection: Disconnected
[02:27:27] [Server thread/INFO]: _Miqi_ left the game
[02:27:32] [User Authenticator #9/INFO]: UUID of player _Miqi_ is 187fa245-d734-302c-885b-bfd25fcd6254
[02:27:34] [Server thread/INFO]: _Miqi_ joined the game
[02:27:34] [Server thread/INFO]: _Miqi_[/127.122.192.165:40887] logged in with entity id 50980 at ([world]318.80279161180874, 64.0, -411.4632252659498)
[02:28:37] [Server thread/INFO]: Mafiaselpro issued server command: /skills
[02:29:24] [Server thread/INFO]: Mafiaselpro issued server command: /skill
[02:29:30] [Server thread/INFO]: Mafiaselpro issued server command: /skills
[02:29:41] [Server thread/INFO]: Djscorpion12 issued server command: /msg Milkpiraa TE AMO MUCHOOOOO
[02:29:57] [Server thread/INFO]: Milkpiraa issued server command: /tell Djscorpion12 :3 YO TAMBIEEEEEEEEEN
[02:30:05] [Server thread/INFO]: Djscorpion12 issued server command: /tell Milkpiraa chaaa
[02:30:07] [Server thread/INFO]: Milkpiraa issued server command: /tell Djscorpion12 TE AMO MUCHOOOOOOOOOOOOOOOOOOOOOO
[02:30:15] [Server thread/INFO]: Djscorpion12 issued server command: /tell Milkpiraa :)
[02:32:16] [Server thread/INFO]: Mafiaselpro issued server command: /skills
[02:33:25] [Server thread/INFO]: _Miqi_ issued server command: /skill
[02:33:38] [Server thread/INFO]: Mafiaselpro issued server command: /skills
[02:40:17] [Server thread/INFO]: Mafiaselpro issued server command: /skills
[02:44:50] [Server thread/INFO]: Mafiaselpro issued server command: /time set noon
[02:44:50] [Server thread/INFO]: [Mafiaselpro: Set the time to 6000]
[02:45:03] [Server thread/INFO]: Mafiaselpro issued server command: /time set midnight
[02:45:03] [Server thread/INFO]: [Mafiaselpro: Set the time to 18000]
[02:45:23] [Server thread/INFO]: Mafiaselpro issued server command: /time set noon
[02:45:23] [Server thread/INFO]: [Mafiaselpro: Set the time to 6000]
[02:48:36] [Server thread/INFO]: Djscorpion12 has made the advancement [Hot Stuff]
[02:52:20] [Server thread/INFO]: Mafiaselpro issued server command: /gamerule playersSleepingPercentage 1
[02:52:20] [Server thread/INFO]: [Mafiaselpro: Gamerule playersSleepingPercentage is now set to: 1]
[02:53:10] [Server thread/INFO]: Villager Villager['Nitwit'/22323, uuid='6e2f510d-100a-44d8-b1af-b4f8838a75ff', l='ServerLevel[world]', x=-153.98, y=82.00, z=-2621.53, cpos=[-10, -164], tl=260424, v=true] died, message: 'Nitwit burned to death'
[02:53:42] [Server thread/INFO]: Milkpiraa was slain by Enderman
[03:05:02] [Server thread/INFO]: pasto1343 issued server command: /skins
[03:05:42] [Server thread/INFO]: _Miqi_ lost connection: Disconnected
[03:05:42] [Server thread/INFO]: _Miqi_ left the game
[03:05:52] [User Authenticator #10/INFO]: UUID of player _Miqi_ is 187fa245-d734-302c-885b-bfd25fcd6254
[03:05:52] [Server thread/INFO]: _Miqi_ (/127.122.192.165:43887) lost connection: Disconnected
[03:06:01] [Async Chat Thread - #32/INFO]: [Not Secure] <Djscorpion12> hagamos tiempo para molestar al maxi
[03:06:07] [Async Chat Thread - #32/INFO]: [Not Secure] <Mafiaselpro> ya
[03:06:13] [Async Chat Thread - #33/INFO]: [Not Secure] <pasto1343> bueno
[03:06:21] [User Authenticator #10/INFO]: UUID of player _Miqi_ is 187fa245-d734-302c-885b-bfd25fcd6254
[03:06:21] [Server thread/INFO]: Milkpiraa lost connection: Disconnected
[03:06:21] [Server thread/INFO]: Milkpiraa left the game
[03:06:22] [Server thread/INFO]: _Miqi_ joined the game
[03:06:22] [Server thread/INFO]: _Miqi_[/127.122.192.165:55089] logged in with entity id 71638 at ([world]380.06998001118495, 64.0, -390.2952362262297)
[03:06:26] [Server thread/INFO]: pasto1343 issued server command: /skins
[03:06:29] [Server thread/INFO]: _Miqi_ lost connection: Disconnected
[03:06:29] [Server thread/INFO]: _Miqi_ left the game
[03:07:16] [Server thread/INFO]: pasto1343 lost connection: Disconnected
[03:07:16] [Server thread/INFO]: pasto1343 left the game
[03:07:29] [Async Chat Thread - #34/INFO]: [Not Secure] <Djscorpion12> te amo chen
[03:24:44] [Async Chat Thread - #36/INFO]: [Not Secure] <Mafiaselpro> chao bro
[03:24:55] [Async Chat Thread - #37/INFO]: [Not Secure] <Djscorpion12> chao papito, buena snoches
[03:24:59] [Async Chat Thread - #37/INFO]: [Not Secure] <Mafiaselpro> nos vemos
[03:25:01] [Server thread/INFO]: Mafiaselpro lost connection: Disconnected
[03:25:01] [Server thread/INFO]: Mafiaselpro left the game
[03:25:15] [Server thread/INFO]: Djscorpion12 lost connection: Disconnected
[03:25:15] [Server thread/INFO]: Djscorpion12 left the game
[03:25:15] [Server thread/INFO]: Stopping server
[03:25:15] [Server thread/INFO]: [GSit] Disabling GSit v1.11.2
[03:25:15] [Server thread/INFO]: [GSit] The plugin was successfully disabled.
[03:25:15] [Server thread/INFO]: [AuraSkills] Disabling AuraSkills v2.2.6
[03:25:15] [Server console handler/ERROR]: Caught previously unhandled exception :
java.io.IOError: java.io.IOException: Input/output error
	at org.jline.keymap.BindingReader.readCharacter(BindingReader.java:170) ~[jline-reader-3.20.0.jar:?]
	at org.jline.keymap.BindingReader.readBinding(BindingReader.java:110) ~[jline-reader-3.20.0.jar:?]
	at org.jline.keymap.BindingReader.readBinding(BindingReader.java:61) ~[jline-reader-3.20.0.jar:?]
	at org.jline.reader.impl.LineReaderImpl.doReadBinding(LineReaderImpl.java:923) ~[jline-reader-3.20.0.jar:?]
	at org.jline.reader.impl.LineReaderImpl.readBinding(LineReaderImpl.java:956) ~[jline-reader-3.20.0.jar:?]
	at org.jline.reader.impl.LineReaderImpl.readLine(LineReaderImpl.java:651) ~[jline-reader-3.20.0.jar:?]
	at org.jline.reader.impl.LineReaderImpl.readLine(LineReaderImpl.java:468) ~[jline-reader-3.20.0.jar:?]
	at net.minecrell.terminalconsole.SimpleTerminalConsole.readCommands(SimpleTerminalConsole.java:158) ~[terminalconsoleappender-1.3.0.jar:?]
	at net.minecrell.terminalconsole.SimpleTerminalConsole.start(SimpleTerminalConsole.java:141) ~[terminalconsoleappender-1.3.0.jar:?]
	at net.minecraft.server.dedicated.DedicatedServer$1.run(DedicatedServer.java:114) ~[paper-1.21.3.jar:1.21.3-48-817550c]
Caused by: java.io.IOException: Input/output error
	at java.base/java.io.FileInputStream.read0(Native Method) ~[?:?]
	at java.base/java.io.FileInputStream.read(FileInputStream.java:231) ~[?:?]
	at java.base/java.io.FilterInputStream.read(FilterInputStream.java:71) ~[?:?]
	at org.jline.terminal.impl.AbstractPty$1.read(AbstractPty.java:58) ~[jline-terminal-3.27.1.jar:?]
	at org.jline.terminal.impl.AbstractPty$PtyInputStream.read(AbstractPty.java:124) ~[jline-terminal-3.27.1.jar:?]
	at org.jline.utils.NonBlockingInputStream.read(NonBlockingInputStream.java:62) ~[jline-terminal-3.27.1.jar:?]
	at org.jline.utils.NonBlocking$NonBlockingInputStreamReader.read(NonBlocking.java:157) ~[jline-terminal-3.27.1.jar:?]
	at org.jline.utils.NonBlockingReader.read(NonBlockingReader.java:56) ~[jline-terminal-3.27.1.jar:?]
	at org.jline.keymap.BindingReader.readCharacter(BindingReader.java:160) ~[jline-reader-3.20.0.jar:?]
	... 9 more
[03:25:15] [Server thread/INFO]: [SkinsRestorer] Disabling SkinsRestorer v15.4.4
[03:25:15] [Server thread/INFO]: [AngelChest] Disabling AngelChest v13.9.0
[03:25:15] [Server thread/INFO]: Saving players
[03:25:15] [Server thread/INFO]: Saving worlds
[03:25:15] [Server thread/INFO]: Saving chunks for level 'ServerLevel[world]'/minecraft:overworld
[03:25:15] [Server thread/INFO]: [ChunkHolderManager] Waiting 60s for chunk system to halt for world 'world'
[03:25:15] [Server thread/INFO]: [ChunkHolderManager] Halted chunk system for world 'world'
[03:25:15] [Server thread/INFO]: [ChunkHolderManager] Saving all chunkholders for world 'world'
[03:25:16] [Server thread/INFO]: [ChunkHolderManager] Saved 271 block chunks, 482 entity chunks, 2 poi chunks in world 'world' in 0.70s
[03:25:16] [Server thread/INFO]: [ChunkHolderManager] Waiting 60s for chunk I/O to halt for world 'world'
[03:25:16] [Server thread/INFO]: [ChunkHolderManager] Halted I/O scheduler for world 'world'
[03:25:16] [Server thread/INFO]: Saving chunks for level 'ServerLevel[world_nether]'/minecraft:the_nether
[03:25:16] [Server thread/INFO]: [ChunkHolderManager] Waiting 60s for chunk system to halt for world 'world_nether'
[03:25:16] [Server thread/INFO]: [ChunkHolderManager] Halted chunk system for world 'world_nether'
[03:25:16] [Server thread/INFO]: [ChunkHolderManager] Saving all chunkholders for world 'world_nether'
[03:25:16] [Server thread/INFO]: [ChunkHolderManager] Saved 5 block chunks, 103 entity chunks, 0 poi chunks in world 'world_nether' in 0.21s
[03:25:16] [Server thread/INFO]: [ChunkHolderManager] Waiting 60s for chunk I/O to halt for world 'world_nether'
[03:25:16] [Server thread/INFO]: [ChunkHolderManager] Halted I/O scheduler for world 'world_nether'
[03:25:16] [Server thread/INFO]: Saving chunks for level 'ServerLevel[world_the_end]'/minecraft:the_end
[03:25:16] [Server thread/INFO]: [ChunkHolderManager] Waiting 60s for chunk system to halt for world 'world_the_end'
[03:25:16] [Server thread/INFO]: [ChunkHolderManager] Halted chunk system for world 'world_the_end'
[03:25:16] [Server thread/INFO]: [ChunkHolderManager] Saving all chunkholders for world 'world_the_end'
[03:25:16] [Server thread/INFO]: [ChunkHolderManager] Saved 0 block chunks, 10 entity chunks, 0 poi chunks in world 'world_the_end' in 0.01s
[03:25:16] [Server thread/INFO]: [ChunkHolderManager] Waiting 60s for chunk I/O to halt for world 'world_the_end'
[03:25:16] [Server thread/INFO]: [ChunkHolderManager] Halted I/O scheduler for world 'world_the_end'
[03:25:16] [Server thread/INFO]: ThreadedAnvilChunkStorage (world): All chunks are saved
[03:25:16] [Server thread/INFO]: ThreadedAnvilChunkStorage (DIM-1): All chunks are saved
[03:25:16] [Server thread/INFO]: ThreadedAnvilChunkStorage (DIM1): All chunks are saved
[03:25:16] [Server thread/INFO]: ThreadedAnvilChunkStorage: All dimensions are saved
[03:25:16] [Server thread/INFO]: Waiting for I/O tasks to complete...
[03:25:16] [Server thread/INFO]: All I/O tasks to complete
[03:25:16] [Server thread/INFO]: [MoonriseCommon] Awaiting termination of worker pool for up to 60s...
[03:25:16] [Server thread/INFO]: [MoonriseCommon] Awaiting termination of I/O pool for up to 60s...
